2025-08-30 19:52:59,421 - __main__ - INFO - Starting SEC data processing for 3 stocks: ['AAPL', 'GOOGL', 'MSFT']
2025-08-30 19:52:59,421 - __main__ - INFO - Using User-Agent: HughKominsky/1.0 (hugh.kominsky@gmail.com)
2025-08-30 19:52:59,421 - src.model.sec_data_processor.manager - INFO - Loading ticker to CIK mapping...
2025-08-30 19:52:59,434 - src.model.sec_data_processor.manager - INFO - Loaded 10090 ticker mappings
2025-08-30 19:52:59,435 - src.model.sec_data_processor.manager - INFO - Processing ticker AAPL (1/3)
2025-08-30 19:53:00,028 - src.model.sec_data_processor.manager - INFO - Successfully processed 4 records for AAPL
2025-08-30 19:53:00,128 - src.model.sec_data_processor.manager - INFO - Processing ticker GOOGL (2/3)
2025-08-30 19:53:00,429 - src.model.sec_data_processor.manager - INFO - Successfully processed 3 records for GOOGL
2025-08-30 19:53:00,529 - src.model.sec_data_processor.manager - INFO - Processing ticker MSFT (3/3)
2025-08-30 19:53:00,834 - src.model.sec_data_processor.manager - INFO - Successfully processed 4 records for MSFT
2025-08-30 19:53:00,835 - src.model.sec_data_processor.manager - INFO - Successfully processed 3 tickers: ['AAPL', 'GOOGL', 'MSFT']
2025-08-30 19:53:00,842 - src.model.sec_data_processor.cleaner - WARNING - Row 0 (AAPL 2017-09-30) missing 2 basic fields
2025-08-30 19:53:00,847 - src.model.sec_data_processor.cleaner - WARNING - Row 1 (AAPL 2016-09-24) missing 2 basic fields
2025-08-30 19:53:00,849 - src.model.sec_data_processor.cleaner - WARNING - Row 2 (AAPL 2008-09-27) missing 2 basic fields
2025-08-30 19:53:00,851 - src.model.sec_data_processor.cleaner - INFO - Recovering revenue for AAPL 2008-09-27 from 2007-09-29
2025-08-30 19:53:00,851 - src.model.sec_data_processor.cleaner - INFO - Recovering cost_of_revenue for AAPL 2008-09-27 from 2007-09-29
2025-08-30 19:53:00,851 - src.model.sec_data_processor.cleaner - INFO - Recovering gross_profit for AAPL 2008-09-27 from 2007-09-29
2025-08-30 19:53:00,851 - src.model.sec_data_processor.cleaner - INFO - Recovering operating_income for AAPL 2008-09-27 from 2007-09-29
2025-08-30 19:53:00,851 - src.model.sec_data_processor.cleaner - INFO - Recovering net_income for AAPL 2008-09-27 from 2007-09-29
2025-08-30 19:53:00,852 - src.model.sec_data_processor.cleaner - INFO - Recovering research_and_development for AAPL 2008-09-27 from 2007-09-29
2025-08-30 19:53:00,852 - src.model.sec_data_processor.cleaner - INFO - Recovering selling_general_admin for AAPL 2008-09-27 from 2007-09-29
2025-08-30 19:53:00,852 - src.model.sec_data_processor.cleaner - INFO - Recovering operating_cash_flow for AAPL 2008-09-27 from 2007-09-29
2025-08-30 19:53:00,852 - src.model.sec_data_processor.cleaner - INFO - Recovering investing_cash_flow for AAPL 2008-09-27 from 2007-09-29
2025-08-30 19:53:00,852 - src.model.sec_data_processor.cleaner - INFO - Recovering financing_cash_flow for AAPL 2008-09-27 from 2007-09-29
2025-08-30 19:53:00,852 - src.model.sec_data_processor.cleaner - INFO - Recovering gross_margin for AAPL 2008-09-27 from 2007-09-29
2025-08-30 19:53:00,853 - src.model.sec_data_processor.cleaner - INFO - Recovering operating_margin for AAPL 2008-09-27 from 2007-09-29
2025-08-30 19:53:00,853 - src.model.sec_data_processor.cleaner - INFO - Recovering net_margin for AAPL 2008-09-27 from 2007-09-29
2025-08-30 19:53:00,853 - src.model.sec_data_processor.cleaner - INFO - Recovering earnings_per_share for AAPL 2008-09-27 from 2007-09-29
2025-08-30 19:53:00,853 - src.model.sec_data_processor.cleaner - WARNING - Row 3 (AAPL 2007-09-29) missing 2 basic fields
2025-08-30 19:53:00,855 - src.model.sec_data_processor.cleaner - INFO - Recovering total_assets for AAPL 2007-09-29 from 2008-09-27
2025-08-30 19:53:00,855 - src.model.sec_data_processor.cleaner - INFO - Recovering current_assets for AAPL 2007-09-29 from 2008-09-27
2025-08-30 19:53:00,856 - src.model.sec_data_processor.cleaner - INFO - Recovering accounts_receivable for AAPL 2007-09-29 from 2008-09-27
2025-08-30 19:53:00,856 - src.model.sec_data_processor.cleaner - INFO - Recovering inventory for AAPL 2007-09-29 from 2008-09-27
2025-08-30 19:53:00,856 - src.model.sec_data_processor.cleaner - INFO - Recovering total_liabilities for AAPL 2007-09-29 from 2008-09-27
2025-08-30 19:53:00,856 - src.model.sec_data_processor.cleaner - INFO - Recovering current_liabilities for AAPL 2007-09-29 from 2008-09-27
2025-08-30 19:53:00,856 - src.model.sec_data_processor.cleaner - INFO - Recovering working_capital for AAPL 2007-09-29 from 2008-09-27
2025-08-30 19:53:00,857 - src.model.sec_data_processor.cleaner - INFO - Recovering altman_z_score for AAPL 2007-09-29 from 2008-09-27
2025-08-30 19:53:00,857 - src.model.sec_data_processor.cleaner - INFO - Recovering current_ratio for AAPL 2007-09-29 from 2008-09-27
2025-08-30 19:53:00,857 - src.model.sec_data_processor.cleaner - INFO - Recovering quick_ratio for AAPL 2007-09-29 from 2008-09-27
2025-08-30 19:53:00,857 - src.model.sec_data_processor.cleaner - WARNING - Row 4 (GOOGL 2016-12-31) missing 2 basic fields
2025-08-30 19:53:00,859 - src.model.sec_data_processor.cleaner - INFO - Recovering total_assets for GOOGL 2016-12-31 from 2014-12-31
2025-08-30 19:53:00,859 - src.model.sec_data_processor.cleaner - INFO - Recovering current_assets for GOOGL 2016-12-31 from 2014-12-31
2025-08-30 19:53:00,859 - src.model.sec_data_processor.cleaner - INFO - Recovering cash_and_equivalents for GOOGL 2016-12-31 from 2014-12-31
2025-08-30 19:53:00,860 - src.model.sec_data_processor.cleaner - INFO - Recovering accounts_receivable for GOOGL 2016-12-31 from 2014-12-31
2025-08-30 19:53:00,860 - src.model.sec_data_processor.cleaner - INFO - Recovering property_plant_equipment for GOOGL 2016-12-31 from 2014-12-31
2025-08-30 19:53:00,860 - src.model.sec_data_processor.cleaner - INFO - Recovering current_liabilities for GOOGL 2016-12-31 from 2014-12-31
2025-08-30 19:53:00,860 - src.model.sec_data_processor.cleaner - INFO - Recovering long_term_debt for GOOGL 2016-12-31 from 2014-12-31
2025-08-30 19:53:00,860 - src.model.sec_data_processor.cleaner - INFO - Recovering working_capital for GOOGL 2016-12-31 from 2014-12-31
2025-08-30 19:53:00,861 - src.model.sec_data_processor.cleaner - INFO - Recovering altman_z_score for GOOGL 2016-12-31 from 2014-12-31
2025-08-30 19:53:00,861 - src.model.sec_data_processor.cleaner - INFO - Recovering current_ratio for GOOGL 2016-12-31 from 2014-12-31
2025-08-30 19:53:00,861 - src.model.sec_data_processor.cleaner - INFO - Recovering quick_ratio for GOOGL 2016-12-31 from 2014-12-31
2025-08-30 19:53:00,861 - src.model.sec_data_processor.cleaner - WARNING - Row 5 (GOOGL 2014-12-31) missing 2 basic fields
2025-08-30 19:53:00,863 - src.model.sec_data_processor.cleaner - INFO - Recovering revenue for GOOGL 2014-12-31 from 2013-12-31
2025-08-30 19:53:00,863 - src.model.sec_data_processor.cleaner - INFO - Recovering cost_of_revenue for GOOGL 2014-12-31 from 2013-12-31
2025-08-30 19:53:00,863 - src.model.sec_data_processor.cleaner - INFO - Recovering gross_profit for GOOGL 2014-12-31 from 2013-12-31
2025-08-30 19:53:00,863 - src.model.sec_data_processor.cleaner - INFO - Recovering operating_income for GOOGL 2014-12-31 from 2013-12-31
2025-08-30 19:53:00,863 - src.model.sec_data_processor.cleaner - INFO - Recovering net_income for GOOGL 2014-12-31 from 2013-12-31
2025-08-30 19:53:00,864 - src.model.sec_data_processor.cleaner - INFO - Recovering research_and_development for GOOGL 2014-12-31 from 2013-12-31
2025-08-30 19:53:00,864 - src.model.sec_data_processor.cleaner - INFO - Recovering interest_expense for GOOGL 2014-12-31 from 2013-12-31
2025-08-30 19:53:00,864 - src.model.sec_data_processor.cleaner - INFO - Recovering operating_cash_flow for GOOGL 2014-12-31 from 2013-12-31
2025-08-30 19:53:00,864 - src.model.sec_data_processor.cleaner - INFO - Recovering investing_cash_flow for GOOGL 2014-12-31 from 2013-12-31
2025-08-30 19:53:00,864 - src.model.sec_data_processor.cleaner - INFO - Recovering financing_cash_flow for GOOGL 2014-12-31 from 2013-12-31
2025-08-30 19:53:00,865 - src.model.sec_data_processor.cleaner - INFO - Recovering capital_expenditures for GOOGL 2014-12-31 from 2013-12-31
2025-08-30 19:53:00,865 - src.model.sec_data_processor.cleaner - INFO - Recovering interest_coverage_ratio for GOOGL 2014-12-31 from 2013-12-31
2025-08-30 19:53:00,865 - src.model.sec_data_processor.cleaner - INFO - Recovering gross_margin for GOOGL 2014-12-31 from 2013-12-31
2025-08-30 19:53:00,865 - src.model.sec_data_processor.cleaner - INFO - Recovering operating_margin for GOOGL 2014-12-31 from 2013-12-31
2025-08-30 19:53:00,865 - src.model.sec_data_processor.cleaner - INFO - Recovering net_margin for GOOGL 2014-12-31 from 2013-12-31
2025-08-30 19:53:00,866 - src.model.sec_data_processor.cleaner - INFO - Recovering free_cash_flow for GOOGL 2014-12-31 from 2013-12-31
2025-08-30 19:53:00,866 - src.model.sec_data_processor.cleaner - WARNING - Row 6 (GOOGL 2013-12-31) missing 2 basic fields
2025-08-30 19:53:00,868 - src.model.sec_data_processor.cleaner - INFO - Recovering total_assets for GOOGL 2013-12-31 from 2014-12-31
2025-08-30 19:53:00,868 - src.model.sec_data_processor.cleaner - INFO - Recovering current_assets for GOOGL 2013-12-31 from 2014-12-31
2025-08-30 19:53:00,868 - src.model.sec_data_processor.cleaner - INFO - Recovering cash_and_equivalents for GOOGL 2013-12-31 from 2014-12-31
2025-08-30 19:53:00,868 - src.model.sec_data_processor.cleaner - INFO - Recovering accounts_receivable for GOOGL 2013-12-31 from 2014-12-31
2025-08-30 19:53:00,868 - src.model.sec_data_processor.cleaner - INFO - Recovering property_plant_equipment for GOOGL 2013-12-31 from 2014-12-31
2025-08-30 19:53:00,869 - src.model.sec_data_processor.cleaner - INFO - Recovering current_liabilities for GOOGL 2013-12-31 from 2014-12-31
2025-08-30 19:53:00,869 - src.model.sec_data_processor.cleaner - INFO - Recovering long_term_debt for GOOGL 2013-12-31 from 2014-12-31
2025-08-30 19:53:00,869 - src.model.sec_data_processor.cleaner - INFO - Recovering working_capital for GOOGL 2013-12-31 from 2014-12-31
2025-08-30 19:53:00,869 - src.model.sec_data_processor.cleaner - INFO - Recovering altman_z_score for GOOGL 2013-12-31 from 2014-12-31
2025-08-30 19:53:00,869 - src.model.sec_data_processor.cleaner - INFO - Recovering current_ratio for GOOGL 2013-12-31 from 2014-12-31
2025-08-30 19:53:00,869 - src.model.sec_data_processor.cleaner - INFO - Recovering quick_ratio for GOOGL 2013-12-31 from 2014-12-31
2025-08-30 19:53:00,870 - src.model.sec_data_processor.cleaner - WARNING - Row 7 (MSFT 2016-06-30) missing 2 basic fields
2025-08-30 19:53:00,871 - src.model.sec_data_processor.cleaner - INFO - Recovering interest_expense for MSFT 2016-06-30 from 2009-06-30
2025-08-30 19:53:00,872 - src.model.sec_data_processor.cleaner - WARNING - Row 8 (MSFT 2009-06-30) missing 2 basic fields
2025-08-30 19:53:00,874 - src.model.sec_data_processor.cleaner - INFO - Recovering total_assets for MSFT 2009-06-30 from 2009-06-30
2025-08-30 19:53:00,874 - src.model.sec_data_processor.cleaner - INFO - Recovering current_assets for MSFT 2009-06-30 from 2009-06-30
2025-08-30 19:53:00,874 - src.model.sec_data_processor.cleaner - INFO - Recovering cash_and_equivalents for MSFT 2009-06-30 from 2009-06-30
2025-08-30 19:53:00,874 - src.model.sec_data_processor.cleaner - INFO - Recovering accounts_receivable for MSFT 2009-06-30 from 2009-06-30
2025-08-30 19:53:00,875 - src.model.sec_data_processor.cleaner - INFO - Recovering inventory for MSFT 2009-06-30 from 2009-06-30
2025-08-30 19:53:00,875 - src.model.sec_data_processor.cleaner - INFO - Recovering property_plant_equipment for MSFT 2009-06-30 from 2009-06-30
2025-08-30 19:53:00,875 - src.model.sec_data_processor.cleaner - INFO - Recovering current_liabilities for MSFT 2009-06-30 from 2009-06-30
2025-08-30 19:53:00,875 - src.model.sec_data_processor.cleaner - INFO - Recovering long_term_debt for MSFT 2009-06-30 from 2009-06-30
2025-08-30 19:53:00,875 - src.model.sec_data_processor.cleaner - INFO - Recovering working_capital for MSFT 2009-06-30 from 2009-06-30
2025-08-30 19:53:00,876 - src.model.sec_data_processor.cleaner - INFO - Recovering altman_z_score for MSFT 2009-06-30 from 2009-06-30
2025-08-30 19:53:00,876 - src.model.sec_data_processor.cleaner - INFO - Recovering current_ratio for MSFT 2009-06-30 from 2009-06-30
2025-08-30 19:53:00,876 - src.model.sec_data_processor.cleaner - INFO - Recovering quick_ratio for MSFT 2009-06-30 from 2009-06-30
2025-08-30 19:53:00,876 - src.model.sec_data_processor.cleaner - WARNING - Row 9 (MSFT 2009-06-30) missing 2 basic fields
2025-08-30 19:53:00,878 - src.model.sec_data_processor.cleaner - INFO - Recovering revenue for MSFT 2009-06-30 from 2009-06-30
2025-08-30 19:53:00,878 - src.model.sec_data_processor.cleaner - INFO - Recovering interest_expense for MSFT 2009-06-30 from 2009-06-30
2025-08-30 19:53:00,879 - src.model.sec_data_processor.cleaner - WARNING - Row 10 (MSFT 2007-09-30) missing 2 basic fields
2025-08-30 19:53:00,881 - src.model.sec_data_processor.cleaner - INFO - Recovering interest_expense for MSFT 2007-09-30 from 2009-06-30
2025-08-30 19:53:00,881 - src.model.sec_data_processor.cleaner - INFO - Recovering total_assets for MSFT 2007-09-30 from 2009-06-30
2025-08-30 19:53:00,881 - src.model.sec_data_processor.cleaner - INFO - Recovering current_assets for MSFT 2007-09-30 from 2009-06-30
2025-08-30 19:53:00,881 - src.model.sec_data_processor.cleaner - INFO - Recovering cash_and_equivalents for MSFT 2007-09-30 from 2009-06-30
2025-08-30 19:53:00,881 - src.model.sec_data_processor.cleaner - INFO - Recovering accounts_receivable for MSFT 2007-09-30 from 2009-06-30
2025-08-30 19:53:00,881 - src.model.sec_data_processor.cleaner - INFO - Recovering inventory for MSFT 2007-09-30 from 2009-06-30
2025-08-30 19:53:00,882 - src.model.sec_data_processor.cleaner - INFO - Recovering property_plant_equipment for MSFT 2007-09-30 from 2009-06-30
2025-08-30 19:53:00,882 - src.model.sec_data_processor.cleaner - INFO - Recovering current_liabilities for MSFT 2007-09-30 from 2009-06-30
2025-08-30 19:53:00,882 - src.model.sec_data_processor.cleaner - INFO - Recovering long_term_debt for MSFT 2007-09-30 from 2009-06-30
2025-08-30 19:53:00,882 - src.model.sec_data_processor.cleaner - INFO - Recovering working_capital for MSFT 2007-09-30 from 2009-06-30
2025-08-30 19:53:00,882 - src.model.sec_data_processor.cleaner - INFO - Recovering altman_z_score for MSFT 2007-09-30 from 2009-06-30
2025-08-30 19:53:00,883 - src.model.sec_data_processor.cleaner - INFO - Recovering current_ratio for MSFT 2007-09-30 from 2009-06-30
2025-08-30 19:53:00,883 - src.model.sec_data_processor.cleaner - INFO - Recovering quick_ratio for MSFT 2007-09-30 from 2009-06-30
2025-08-30 19:53:00,889 - src.model.sec_data_processor.processor - INFO - === DATA QUALITY SUMMARY ===
2025-08-30 19:53:00,889 - src.model.sec_data_processor.processor - INFO - Total records: 11
2025-08-30 19:53:00,889 - src.model.sec_data_processor.processor - INFO - Unique tickers: 3
2025-08-30 19:53:00,890 - src.model.sec_data_processor.processor - INFO - revenue: 0 missing (0.0%)
2025-08-30 19:53:00,890 - src.model.sec_data_processor.processor - INFO - net_income: 6 missing (54.5%)
2025-08-30 19:53:00,890 - src.model.sec_data_processor.processor - INFO - total_assets: 3 missing (27.3%)
2025-08-30 19:53:00,890 - src.model.sec_data_processor.processor - INFO - earnings_per_share: 9 missing (81.8%)
2025-08-30 19:53:00,891 - src.model.sec_data_processor.processor - WARNING - AAPL: 2 records missing EPS
2025-08-30 19:53:00,891 - src.model.sec_data_processor.processor - WARNING - GOOGL: 3 records missing EPS
2025-08-30 19:53:00,891 - src.model.sec_data_processor.processor - WARNING - MSFT: 4 records missing EPS
2025-08-30 19:53:00,892 - src.model.sec_data_processor.manager - INFO - Created DataFrame with 11 rows and 47 columns
2025-08-30 19:53:00,892 - __main__ - INFO - Successfully retrieved financial data: 11 records
2025-08-30 19:53:00,893 - __main__ - INFO - Data columns: ['ticker', 'date', 'period', 'form_type', 'revenue', 'cost_of_revenue', 'gross_profit', 'operating_income', 'net_income', 'research_and_development', 'selling_general_admin', 'interest_expense', 'total_assets', 'current_assets', 'cash_and_equivalents', 'accounts_receivable', 'inventory', 'property_plant_equipment', 'total_liabilities', 'current_liabilities', 'long_term_debt', 'shareholders_equity', 'operating_cash_flow', 'investing_cash_flow', 'financing_cash_flow', 'capital_expenditures', 'shares_outstanding', 'weighted_average_shares', 'interest_coverage_ratio', 'working_capital', 'days_sales_outstanding', 'asset_turnover', 'inventory_turnover', 'receivables_turnover', 'debt_to_ebitda', 'altman_z_score', 'piotroski_f_score', 'gross_margin', 'operating_margin', 'net_margin', 'current_ratio', 'quick_ratio', 'debt_to_equity', 'return_on_assets', 'return_on_equity', 'free_cash_flow', 'earnings_per_share']
2025-08-30 19:53:00,918 - __main__ - INFO - Data saved to financial_data_output.csv
